<?xml version="1.0" encoding="UTF-8"?>
<!-- Generated by org.testng.reporters.JUnitXMLReporter -->
<testsuite ignored="0" hostname="DESKTOP-SH3BACH" failures="0" tests="3" name="Default test" time="26.977" errors="0" timestamp="2024-06-04T13:25:37 EET">
  <testcase classname="SearchHotelsTestCases" name="navigateToHotels" time="0.133"/>
  <testcase classname="SearchHotelsTestCases" name="fillSearchFields" time="23.044"/>
  <testcase classname="SearchHotelsTestCases" name="chooseRandomHotelTest" time="0.559"/>
</testsuite> <!-- Default test -->
